# JRE version: OpenJDK Runtime Environment (8.0_242-b01) (build 1.8.0_242-release-1644-b01)
# Java VM: OpenJDK 64-Bit Server VM (25.242-b01 mixed mode windows-amd64 compressed oops)
Heap:
 PSYoungGen      total 605184K, used 276374K [0x00000000d5580000, 0x00000000ffe00000, 0x0000000100000000)
  eden space 524800K, 46% used [0x00000000d5580000,0x00000000e459bc60,0x00000000f5600000)
  from space 80384K, 37% used [0x00000000f5600000,0x00000000f73c9e88,0x00000000fa480000)
  to   space 78336K, 0% used [0x00000000fb180000,0x00000000fb180000,0x00000000ffe00000)
 ParOldGen       total 324096K, used 58413K [0x0000000080000000, 0x0000000093c80000, 0x00000000d5580000)
  object space 324096K, 18% used [0x0000000080000000,0x000000008390b7e8,0x0000000093c80000)
 Metaspace       used 141587K, capacity 147856K, committed 152344K, reserved 1181696K
  class space    used 18185K, capacity 19370K, committed 20272K, reserved 1048576K
GC Heap History (10 events):
Event: 1118.169 GC heap before
{Heap before GC invocations=59 (full 7):
 PSYoungGen      total 600064K, used 518059K [0x00000000d5580000, 0x00000000ff980000, 0x0000000100000000)
  eden space 509440K, 100% used [0x00000000d5580000,0x00000000f4700000,0x00000000f4700000)
  from space 90624K, 9% used [0x00000000f4700000,0x00000000f4f6ad90,0x00000000f9f80000)
  to   space 88064K, 0% used [0x00000000fa380000,0x00000000fa380000,0x00000000ff980000)
 ParOldGen       total 324096K, used 169517K [0x0000000080000000, 0x0000000093c80000, 0x00000000d5580000)
  object space 324096K, 52% used [0x0000000080000000,0x000000008a58b468,0x0000000093c80000)
 Metaspace       used 143932K, capacity 151358K, committed 151704K, reserved 1181696K
  class space    used 18647K, capacity 20072K, committed 20144K, reserved 1048576K
Event: 1118.178 GC heap after
Heap after GC invocations=59 (full 7):
 PSYoungGen      total 606208K, used 4045K [0x00000000d5580000, 0x00000000ff980000, 0x0000000100000000)
  eden space 518144K, 0% used [0x00000000d5580000,0x00000000d5580000,0x00000000f4f80000)
  from space 88064K, 4% used [0x00000000fa380000,0x00000000fa7735d8,0x00000000ff980000)
  to   space 86016K, 0% used [0x00000000f4f80000,0x00000000f4f80000,0x00000000fa380000)
 ParOldGen       total 324096K, used 174398K [0x0000000080000000, 0x0000000093c80000, 0x00000000d5580000)
  object space 324096K, 53% used [0x0000000080000000,0x000000008aa4f968,0x0000000093c80000)
 Metaspace       used 143932K, capacity 151358K, committed 151704K, reserved 1181696K
  class space    used 18647K, capacity 20072K, committed 20144K, reserved 1048576K
}
Event: 3152.215 GC heap before
{Heap before GC invocations=60 (full 7):
 PSYoungGen      total 606208K, used 522189K [0x00000000d5580000, 0x00000000ff980000, 0x0000000100000000)
  eden space 518144K, 100% used [0x00000000d5580000,0x00000000f4f80000,0x00000000f4f80000)
  from space 88064K, 4% used [0x00000000fa380000,0x00000000fa7735d8,0x00000000ff980000)
  to   space 86016K, 0% used [0x00000000f4f80000,0x00000000f4f80000,0x00000000fa380000)
 ParOldGen       total 324096K, used 174398K [0x0000000080000000, 0x0000000093c80000, 0x00000000d5580000)
  object space 324096K, 53% used [0x0000000080000000,0x000000008aa4f968,0x0000000093c80000)
 Metaspace       used 144251K, capacity 151780K, committed 152088K, reserved 1181696K
  class space    used 18670K, capacity 20115K, committed 20272K, reserved 1048576K
Event: 3152.228 GC heap after
Heap after GC invocations=60 (full 7):
 PSYoungGen      total 604160K, used 8778K [0x00000000d5580000, 0x00000000ff700000, 0x0000000100000000)
  eden space 518144K, 0% used [0x00000000d5580000,0x00000000d5580000,0x00000000f4f80000)
  from space 86016K, 10% used [0x00000000f4f80000,0x00000000f58128d8,0x00000000fa380000)
  to   space 82432K, 0% used [0x00000000fa680000,0x00000000fa680000,0x00000000ff700000)
 ParOldGen       total 324096K, used 176035K [0x0000000080000000, 0x0000000093c80000, 0x00000000d5580000)
  object space 324096K, 54% used [0x0000000080000000,0x000000008abe8f40,0x0000000093c80000)
 Metaspace       used 144251K, capacity 151780K, committed 152088K, reserved 1181696K
  class space    used 18670K, capacity 20115K, committed 20272K, reserved 1048576K
}
Event: 4716.296 GC heap before
{Heap before GC invocations=61 (full 7):
 PSYoungGen      total 604160K, used 27396K [0x00000000d5580000, 0x00000000ff700000, 0x0000000100000000)
  eden space 518144K, 3% used [0x00000000d5580000,0x00000000d67aea00,0x00000000f4f80000)
  from space 86016K, 10% used [0x00000000f4f80000,0x00000000f58128d8,0x00000000fa380000)
  to   space 82432K, 0% used [0x00000000fa680000,0x00000000fa680000,0x00000000ff700000)
 ParOldGen       total 324096K, used 176035K [0x0000000080000000, 0x0000000093c80000, 0x00000000d5580000)
  object space 324096K, 54% used [0x0000000080000000,0x000000008abe8f40,0x0000000093c80000)
 Metaspace       used 144268K, capacity 151844K, committed 152344K, reserved 1181696K
  class space    used 18671K, capacity 20115K, committed 20272K, reserved 1048576K
Event: 4716.302 GC heap after
Heap after GC invocations=61 (full 7):
 PSYoungGen      total 603136K, used 896K [0x00000000d5580000, 0x00000000ff300000, 0x0000000100000000)
  eden space 524800K, 0% used [0x00000000d5580000,0x00000000d5580000,0x00000000f5600000)
  from space 78336K, 1% used [0x00000000fa680000,0x00000000fa760020,0x00000000ff300000)
  to   space 80384K, 0% used [0x00000000f5600000,0x00000000f5600000,0x00000000fa480000)
 ParOldGen       total 324096K, used 176043K [0x0000000080000000, 0x0000000093c80000, 0x00000000d5580000)
  object space 324096K, 54% used [0x0000000080000000,0x000000008abeaf40,0x0000000093c80000)
 Metaspace       used 144268K, capacity 151844K, committed 152344K, reserved 1181696K
  class space    used 18671K, capacity 20115K, committed 20272K, reserved 1048576K
}
Event: 4716.302 GC heap before
{Heap before GC invocations=62 (full 8):
 PSYoungGen      total 603136K, used 896K [0x00000000d5580000, 0x00000000ff300000, 0x0000000100000000)
  eden space 524800K, 0% used [0x00000000d5580000,0x00000000d5580000,0x00000000f5600000)
  from space 78336K, 1% used [0x00000000fa680000,0x00000000fa760020,0x00000000ff300000)
  to   space 80384K, 0% used [0x00000000f5600000,0x00000000f5600000,0x00000000fa480000)
 ParOldGen       total 324096K, used 176043K [0x0000000080000000, 0x0000000093c80000, 0x00000000d5580000)
  object space 324096K, 54% used [0x0000000080000000,0x000000008abeaf40,0x0000000093c80000)
 Metaspace       used 144268K, capacity 151844K, committed 152344K, reserved 1181696K
  class space    used 18671K, capacity 20115K, committed 20272K, reserved 1048576K
Event: 4716.794 GC heap after
Heap after GC invocations=62 (full 8):
 PSYoungGen      total 603136K, used 0K [0x00000000d5580000, 0x00000000ff300000, 0x0000000100000000)
  eden space 524800K, 0% used [0x00000000d5580000,0x00000000d5580000,0x00000000f5600000)
  from space 78336K, 0% used [0x00000000fa680000,0x00000000fa680000,0x00000000ff300000)
  to   space 80384K, 0% used [0x00000000f5600000,0x00000000f5600000,0x00000000fa480000)
 ParOldGen       total 324096K, used 58405K [0x0000000080000000, 0x0000000093c80000, 0x00000000d5580000)
  object space 324096K, 18% used [0x0000000080000000,0x00000000839097e8,0x0000000093c80000)
 Metaspace       used 140024K, capacity 145756K, committed 152344K, reserved 1181696K
  class space    used 18019K, capacity 19098K, committed 20272K, reserved 1048576K
}
Event: 4723.910 GC heap before
{Heap before GC invocations=63 (full 8):
 PSYoungGen      total 603136K, used 524800K [0x00000000d5580000, 0x00000000ff300000, 0x0000000100000000)
  eden space 524800K, 100% used [0x00000000d5580000,0x00000000f5600000,0x00000000f5600000)
  from space 78336K, 0% used [0x00000000fa680000,0x00000000fa680000,0x00000000ff300000)
  to   space 80384K, 0% used [0x00000000f5600000,0x00000000f5600000,0x00000000fa480000)
 ParOldGen       total 324096K, used 58405K [0x0000000080000000, 0x0000000093c80000, 0x00000000d5580000)
  object space 324096K, 18% used [0x0000000080000000,0x00000000839097e8,0x0000000093c80000)
 Metaspace       used 141333K, capacity 147568K, committed 152344K, reserved 1181696K
  class space    used 18169K, capacity 19344K, committed 20272K, reserved 1048576K
Event: 4723.979 GC heap after
Heap after GC invocations=63 (full 8):
 PSYoungGen      total 605184K, used 30503K [0x00000000d5580000, 0x00000000ffe00000, 0x0000000100000000)
  eden space 524800K, 0% used [0x00000000d5580000,0x00000000d5580000,0x00000000f5600000)
  from space 80384K, 37% used [0x00000000f5600000,0x00000000f73c9e88,0x00000000fa480000)
  to   space 78336K, 0% used [0x00000000fb180000,0x00000000fb180000,0x00000000ffe00000)
 ParOldGen       total 324096K, used 58413K [0x0000000080000000, 0x0000000093c80000, 0x00000000d5580000)
  object space 324096K, 18% used [0x0000000080000000,0x000000008390b7e8,0x0000000093c80000)
 Metaspace       used 141333K, capacity 147568K, committed 152344K, reserved 1181696K
  class space    used 18169K, capacity 19344K, committed 20272K, reserved 1048576K
}

